This is pdfTeX, Version 3.14159265-2.6-1.40.18 (TeX Live 2017/Debian) (preloaded format=pdflatex 2019.9.2)  7 NOV 2019 19:12
entering extended mode
 \write18 enabled.
 %&-line parsing enabled.
**rapport.tex
(./rapport.tex
LaTeX2e <2017-04-15>
Babel <3.18> and hyphenation patterns for 5 language(s) loaded.
(/usr/share/texlive/texmf-dist/tex/latex/base/report.cls
Document Class: report 2014/09/29 v1.4h Standard LaTeX document class
(/usr/share/texlive/texmf-dist/tex/latex/base/size10.clo
File: size10.clo 2014/09/29 v1.4h Standard LaTeX file (size option)
)
\c@part=\count79
\c@chapter=\count80
\c@section=\count81
\c@subsection=\count82
\c@subsubsection=\count83
\c@paragraph=\count84
\c@subparagraph=\count85
\c@figure=\count86
\c@table=\count87
\abovecaptionskip=\skip41
\belowcaptionskip=\skip42
\bibindent=\dimen102
)
(/usr/share/texlive/texmf-dist/tex/generic/babel/babel.sty
Package: babel 2018/02/14 3.18 The Babel package

(/usr/share/texlive/texmf-dist/tex/generic/babel/switch.def
File: switch.def 2018/02/14 3.18 Babel switching mechanism
)
(/usr/share/texlive/texmf-dist/tex/generic/babel-french/french.ldf
Language: french 2018/02/04 v3.4b French support from the babel system

(/usr/share/texlive/texmf-dist/tex/generic/babel/babel.def
File: babel.def 2018/02/14 3.18 Babel common definitions
\babel@savecnt=\count88
\U@D=\dimen103

(/usr/share/texlive/texmf-dist/tex/generic/babel/txtbabel.def)
\bbl@dirlevel=\count89
)
\l@acadian = a dialect from \language\l@french 
\FB@nonchar=\count90
Package babel Info: Making : an active character on input line 411.
Package babel Info: Making ; an active character on input line 412.
Package babel Info: Making ! an active character on input line 413.
Package babel Info: Making ? an active character on input line 414.
\FBguill@level=\count91
\FB@everypar=\toks14
\FB@Mht=\dimen104
\mc@charclass=\count92
\mc@charfam=\count93
\mc@charslot=\count94
\std@mcc=\count95
\dec@mcc=\count96
\c@FBcaption@count=\count97
\listindentFB=\skip43
\descindentFB=\skip44
\labelwidthFB=\skip45
\leftmarginFB=\skip46
\parindentFFN=\dimen105
\FBfnindent=\skip47
))
(/usr/share/texlive/texmf-dist/tex/latex/carlisle/scalefnt.sty)
(/usr/share/texlive/texmf-dist/tex/latex/graphics/keyval.sty
Package: keyval 2014/10/28 v1.15 key=value parser (DPC)
\KV@toks@=\toks15
)
(/usr/share/texlive/texmf-dist/tex/latex/minted/minted.sty
Package: minted 2017/07/19 v2.5 Yet another Pygments shim for LaTeX

(/usr/share/texlive/texmf-dist/tex/latex/oberdiek/kvoptions.sty
Package: kvoptions 2016/05/16 v3.12 Key value format for package options (HO)

(/usr/share/texlive/texmf-dist/tex/generic/oberdiek/ltxcmds.sty
Package: ltxcmds 2016/05/16 v1.23 LaTeX kernel commands for general use (HO)
)
(/usr/share/texlive/texmf-dist/tex/generic/oberdiek/kvsetkeys.sty
Package: kvsetkeys 2016/05/16 v1.17 Key value parser (HO)

(/usr/share/texlive/texmf-dist/tex/generic/oberdiek/infwarerr.sty
Package: infwarerr 2016/05/16 v1.4 Providing info/warning/error messages (HO)
)
(/usr/share/texlive/texmf-dist/tex/generic/oberdiek/etexcmds.sty
Package: etexcmds 2016/05/16 v1.6 Avoid name clashes with e-TeX commands (HO)

(/usr/share/texlive/texmf-dist/tex/generic/oberdiek/ifluatex.sty
Package: ifluatex 2016/05/16 v1.4 Provides the ifluatex switch (HO)
Package ifluatex Info: LuaTeX not detected.
)
Package etexcmds Info: Could not find \expanded.
(etexcmds)             That can mean that you are not using pdfTeX 1.50 or
(etexcmds)             that some package has redefined \expanded.
(etexcmds)             In the latter case, load this package earlier.
)))
(/usr/share/texlive/texmf-dist/tex/latex/fvextra/fvextra.sty
Package: fvextra 2017/07/08 v1.3.1 fvextra - extensions and patches for fancyvr
b

(/usr/share/texlive/texmf-dist/tex/latex/base/ifthen.sty
Package: ifthen 2014/09/29 v1.1c Standard LaTeX ifthen package (DPC)
)
(/usr/share/texlive/texmf-dist/tex/latex/etoolbox/etoolbox.sty
Package: etoolbox 2018/02/11 v2.5e e-TeX tools for LaTeX (JAW)
\etb@tempcnta=\count98
)
(/usr/share/texlive/texmf-dist/tex/latex/fancyvrb/fancyvrb.sty
Package: fancyvrb 2008/02/07

Style option: `fancyvrb' v2.7a, with DG/SPQR fixes, and firstline=lastline fix 
<2008/02/07> (tvz)
\FV@CodeLineNo=\count99
\FV@InFile=\read1
\FV@TabBox=\box26
\c@FancyVerbLine=\count100
\FV@StepNumber=\count101
\FV@OutFile=\write3
)
(/usr/share/texlive/texmf-dist/tex/latex/upquote/upquote.sty
Package: upquote 2012/04/19 v1.3 upright-quote and grave-accent glyphs in verba
tim
)
(/usr/share/texlive/texmf-dist/tex/latex/lineno/lineno.sty
Package: lineno 2005/11/02 line numbers on paragraphs v4.41
\linenopenalty=\count102
\output=\toks16
\linenoprevgraf=\count103
\linenumbersep=\dimen106
\linenumberwidth=\dimen107
\c@linenumber=\count104
\c@pagewiselinenumber=\count105
\c@LN@truepage=\count106
\c@internallinenumber=\count107
\c@internallinenumbers=\count108
\quotelinenumbersep=\dimen108
\bframerule=\dimen109
\bframesep=\dimen110
\bframebox=\box27
LaTeX Info: Redefining \\ on input line 3056.
)
\c@FV@TrueTabGroupLevel=\count109
\c@FV@TrueTabCounter=\count110
\FV@TabBox@Group=\box28
\FV@TmpLength=\skip48
\c@FV@HighlightLinesStart=\count111
\c@FV@HighlightLinesStop=\count112
\FV@LoopCount=\count113
\FV@NCharsBox=\box29
\FV@BreakIndent=\dimen111
\FV@BreakIndentNChars=\count114
\FV@BreakSymbolSepLeft=\dimen112
\FV@BreakSymbolSepLeftNChars=\count115
\FV@BreakSymbolSepRight=\dimen113
\FV@BreakSymbolSepRightNChars=\count116
\FV@BreakSymbolIndentLeft=\dimen114
\FV@BreakSymbolIndentLeftNChars=\count117
\FV@BreakSymbolIndentRight=\dimen115
\FV@BreakSymbolIndentRightNChars=\count118
\c@FancyVerbLineBreakLast=\count119
\FV@LineBox=\box30
\FV@LineIndentBox=\box31
)
(/usr/share/texlive/texmf-dist/tex/latex/tools/calc.sty
Package: calc 2014/10/28 v4.3 Infix arithmetic (KKT,FJ)
\calc@Acount=\count120
\calc@Bcount=\count121
\calc@Adimen=\dimen116
\calc@Bdimen=\dimen117
\calc@Askip=\skip49
\calc@Bskip=\skip50
LaTeX Info: Redefining \setlength on input line 80.
LaTeX Info: Redefining \addtolength on input line 81.
\calc@Ccount=\count122
\calc@Cskip=\skip51
)
(/usr/share/texlive/texmf-dist/tex/latex/tools/shellesc.sty
Package: shellesc 2016/06/07 v0.02a unified shell escape interface for LaTeX
Package shellesc Info: Unrestricted shell escape enabled on input line 67.
)
(/usr/share/texlive/texmf-dist/tex/latex/ifplatform/ifplatform.sty
Package: ifplatform 2017/10/13 v0.4a Testing for the operating system

(/usr/share/texlive/texmf-dist/tex/generic/oberdiek/pdftexcmds.sty
Package: pdftexcmds 2018/01/21 v0.26 Utility functions of pdfTeX for LuaTeX (HO
)

(/usr/share/texlive/texmf-dist/tex/generic/oberdiek/ifpdf.sty
Package: ifpdf 2017/03/15 v3.2 Provides the ifpdf switch
)
Package pdftexcmds Info: LuaTeX not detected.
Package pdftexcmds Info: \pdf@primitive is available.
Package pdftexcmds Info: \pdf@ifprimitive is available.
Package pdftexcmds Info: \pdfdraftmode found.
)
(/usr/share/texlive/texmf-dist/tex/generic/oberdiek/catchfile.sty
Package: catchfile 2016/05/16 v1.7 Catch the contents of a file (HO)
)
runsystem(uname -s > "rapport.w18")...executed.


(./rapport.w18)
runsystem(rm -- "rapport.w18")...executed.

) (/usr/share/texlive/texmf-dist/tex/generic/xstring/xstring.sty (/usr/share/te
xlive/texmf-dist/tex/generic/xstring/xstring.tex
\@xs@message=\write4
\integerpart=\count123
\decimalpart=\count124
)
Package: xstring 2013/10/13  v1.7c  String manipulations (C Tellechea)
)
(/usr/share/texlive/texmf-dist/tex/latex/framed/framed.sty
Package: framed 2011/10/22 v 0.96: framed or shaded text with page breaks
\OuterFrameSep=\skip52
\fb@frw=\dimen118
\fb@frh=\dimen119
\FrameRule=\dimen120
\FrameSep=\dimen121
)
(/usr/share/texlive/texmf-dist/tex/latex/float/float.sty
Package: float 2001/11/08 v1.3d Float enhancements (AL)
\c@float@type=\count125
\float@exts=\toks17
\float@box=\box32
\@float@everytoks=\toks18
\@floatcapt=\box33
)
\minted@appexistsfile=\read2
\minted@bgbox=\box34
\minted@code=\write5
\c@minted@FancyVerbLineTemp=\count126
\c@minted@pygmentizecounter=\count127
\@float@every@listing=\toks19
\c@listing=\count128
)
runsystem(mkdir -p _minted-rapport)...executed.


(/usr/share/texlive/texmf-dist/tex/latex/appendix/appendix.sty
Package: appendix 2009/09/02 v1.2b extra appendix facilities
\c@@pps=\count129
\c@@ppsavesec=\count130
\c@@ppsaveapp=\count131
)
(/usr/share/texlive/texmf-dist/tex/latex/graphics/graphicx.sty
Package: graphicx 2017/06/01 v1.1a Enhanced LaTeX Graphics (DPC,SPQR)

(/usr/share/texlive/texmf-dist/tex/latex/graphics/graphics.sty
Package: graphics 2017/06/25 v1.2c Standard LaTeX Graphics (DPC,SPQR)

(/usr/share/texlive/texmf-dist/tex/latex/graphics/trig.sty
Package: trig 2016/01/03 v1.10 sin cos tan (DPC)
)
(/usr/share/texlive/texmf-dist/tex/latex/graphics-cfg/graphics.cfg
File: graphics.cfg 2016/06/04 v1.11 sample graphics configuration
)
Package graphics Info: Driver file: pdftex.def on input line 99.

(/usr/share/texlive/texmf-dist/tex/latex/graphics-def/pdftex.def
File: pdftex.def 2018/01/08 v1.0l Graphics/color driver for pdftex
))
\Gin@req@height=\dimen122
\Gin@req@width=\dimen123
)
(/usr/share/texlive/texmf-dist/tex/latex/xcolor/xcolor.sty
Package: xcolor 2016/05/11 v2.12 LaTeX color extensions (UK)

(/usr/share/texlive/texmf-dist/tex/latex/graphics-cfg/color.cfg
File: color.cfg 2016/01/02 v1.6 sample color configuration
)
Package xcolor Info: Driver file: pdftex.def on input line 225.
Package xcolor Info: Model `cmy' substituted by `cmy0' on input line 1348.
Package xcolor Info: Model `hsb' substituted by `rgb' on input line 1352.
Package xcolor Info: Model `RGB' extended on input line 1364.
Package xcolor Info: Model `HTML' substituted by `rgb' on input line 1366.
Package xcolor Info: Model `Hsb' substituted by `hsb' on input line 1367.
Package xcolor Info: Model `tHsb' substituted by `hsb' on input line 1368.
Package xcolor Info: Model `HSB' substituted by `hsb' on input line 1369.
Package xcolor Info: Model `Gray' substituted by `gray' on input line 1370.
Package xcolor Info: Model `wave' substituted by `hsb' on input line 1371.
)
runsystem(which pygmentize && touch rapport.aex)...executed.

runsystem(rm rapport.aex)...executed.


(./rapport.aux (./exo1.aux) (./exo2.aux) (./exo3.aux) (./exo4.aux)
(./xml_presse.aux) (./graph_batiment.aux) (./tree_batiment_begin_end.aux)
(./graph_batiment_begin_end.aux) (./tree_batiment_dewey.aux))
\openout1 = `rapport.aux'.

LaTeX Font Info:    Checking defaults for OML/cmm/m/it on input line 10.
LaTeX Font Info:    ... okay on input line 10.
LaTeX Font Info:    Checking defaults for T1/cmr/m/n on input line 10.
LaTeX Font Info:    ... okay on input line 10.
LaTeX Font Info:    Checking defaults for OT1/cmr/m/n on input line 10.
LaTeX Font Info:    ... okay on input line 10.
LaTeX Font Info:    Checking defaults for OMS/cmsy/m/n on input line 10.
LaTeX Font Info:    ... okay on input line 10.
LaTeX Font Info:    Checking defaults for OMX/cmex/m/n on input line 10.
LaTeX Font Info:    ... okay on input line 10.
LaTeX Font Info:    Checking defaults for U/cmr/m/n on input line 10.
LaTeX Font Info:    ... okay on input line 10.
LaTeX Info: Redefining \degres on input line 10.
LaTeX Info: Redefining \dots on input line 10.
LaTeX Info: Redefining \up on input line 10.


Package french.ldf Warning: OT1 encoding should not be used for French.
(french.ldf)                Add \usepackage[T1]{fontenc} to the preamble
(french.ldf)                of your document; reported on input line 10.

(/usr/share/texlive/texmf-dist/tex/context/base/mkii/supp-pdf.mkii
[Loading MPS to PDF converter (version 2006.09.02).]
\scratchcounter=\count132
\scratchdimen=\dimen124
\scratchbox=\box35
\nofMPsegments=\count133
\nofMParguments=\count134
\everyMPshowfont=\toks20
\MPscratchCnt=\count135
\MPscratchDim=\dimen125
\MPnumerator=\count136
\makeMPintoPDFobject=\count137
\everyMPtoPDFconversion=\toks21
) (/usr/share/texlive/texmf-dist/tex/latex/oberdiek/epstopdf-base.sty
Package: epstopdf-base 2016/05/15 v2.6 Base part for package epstopdf

(/usr/share/texlive/texmf-dist/tex/latex/oberdiek/grfext.sty
Package: grfext 2016/05/16 v1.2 Manage graphics extensions (HO)

(/usr/share/texlive/texmf-dist/tex/generic/oberdiek/kvdefinekeys.sty
Package: kvdefinekeys 2016/05/16 v1.4 Define keys (HO)
))
Package epstopdf-base Info: Redefining graphics rule for `.eps' on input line 4
38.
Package grfext Info: Graphics extension search list:
(grfext)             [.pdf,.png,.jpg,.mps,.jpeg,.jbig2,.jb2,.PDF,.PNG,.JPG,.JPE
G,.JBIG2,.JB2,.eps]
(grfext)             \AppendGraphicsExtensions on input line 456.

(/usr/share/texlive/texmf-dist/tex/latex/latexconfig/epstopdf-sys.cfg
File: epstopdf-sys.cfg 2010/07/13 v1.3 Configuration of (r)epstopdf for TeX Liv
e
))
Missing character: There is no Ã in font cmr17!
Missing character: There is no © in font cmr17!
LaTeX Font Info:    External font `cmex10' loaded for size
(Font)              <12> on input line 11.
LaTeX Font Info:    External font `cmex10' loaded for size
(Font)              <8> on input line 11.
LaTeX Font Info:    External font `cmex10' loaded for size
(Font)              <6> on input line 11.
Missing character: There is no Ã in font cmr12!
Missing character: There is no © in font cmr12!

[1

{/var/lib/texmf/fonts/map/pdftex/updmap/pdftex.map}]
\openout2 = `exo1.aux'.

 (./exo1.tex
Chapitre 1.
Missing character: There is no Ã in font cmbx12!
Missing character: There is no © in font cmbx12!
Missing character: There is no Ã in font cmbx12!
Missing character: There is no © in font cmbx12!
Missing character: There is no Ã in font cmbx12!
Missing character: There is no © in font cmbx12!
Missing character: There is no Ã in font cmbx12!
Missing character: There is no   in font cmbx12!
Missing character: There is no Ã in font cmbx12!
Missing character: There is no € in font cmbx12!
Missing character: There is no â in font cmbx12!
Missing character: There is no € in font cmbx12!
Missing character: There is no ™ in font cmbx12!
Missing character: There is no Ã in font cmbx12!
Missing character: There is no © in font cmbx12!
Missing character: There is no Ã in font cmbx12!
Missing character: There is no © in font cmbx12!
Missing character: There is no Ã in font cmbx12!
Missing character: There is no © in font cmbx12!

Overfull \hbox (6.04279pt too wide) in paragraph at lines 3--3
[] \OT1/cmr/bx/n/14.4 laide du lan-gage SQL, im-pl-men-ter les schmas
 []

\openout3 = `rapport.pyg'.

(./_minted-rapport/default-pyg-prefix.pygstyle)
(./_minted-rapport/default.pygstyle)
(./_minted-rapport/A2B81B02C4C5A0161BD8300A035EA2E11D0267541ECDC06D494E5BB89511
6FD3.pygtex
LaTeX Font Info:    Font shape `OT1/cmtt/bx/n' in size <10> not available
(Font)              Font shape `OT1/cmtt/m/n' tried instead on input line 2.
 [1


] [2] [3]
LaTeX Font Info:    External font `cmex10' loaded for size
(Font)              <5> on input line 109.
 [4])
\openout3 = `rapport.pyg'.


(./_minted-rapport/336F6E96EBDF3F53BFBB09EE7940A6BF1D0267541ECDC06D494E5BB89511
6FD3.pygtex [5] [6] [7])
Missing character: There is no Ã in font cmbx12!
Missing character: There is no € in font cmbx12!
Missing character: There is no â in font cmbx12!
Missing character: There is no € in font cmbx12!
Missing character: There is no ™ in font cmbx12!
Missing character: There is no Ã in font cmbx12!
Missing character: There is no ª in font cmbx12!
Missing character: There is no Ã in font cmbx12!
Missing character: There is no © in font cmbx12!

Overfull \hbox (4.64465pt too wide) in paragraph at lines 263--263
\OT1/cmr/bx/n/14.4 qutes XPath de votre choix sur chaque schma 
 []

\openout3 = `rapport.pyg'.


(./_minted-rapport/686ED2BF9B9911D996836DA3B5BB382D3378AAC3DB6D772F5622D9EB51A5
52D3.pygtex)
\openout3 = `rapport.pyg'.


(./_minted-rapport/3C7E4C6E745D4F59892AE93BF52EE0B11D0267541ECDC06D494E5BB89511
6FD3.pygtex)
\openout3 = `rapport.pyg'.


(./_minted-rapport/2074961D07248AA488F2EEFC392AFAA01D0267541ECDC06D494E5BB89511
6FD3.pygtex)
\openout3 = `rapport.pyg'.


(./_minted-rapport/31B8F8621000900896892AF6052E2D393378AAC3DB6D772F5622D9EB51A5
52D3.pygtex)
\openout3 = `rapport.pyg'.


(./_minted-rapport/3830714B46F42FE34CCAF067844E63201D0267541ECDC06D494E5BB89511
6FD3.pygtex [8])
\openout3 = `rapport.pyg'.


(./_minted-rapport/A24A7C10C802BD187DD482B703AA4EED1D0267541ECDC06D494E5BB89511
6FD3.pygtex)
\openout3 = `rapport.pyg'.


(./_minted-rapport/D4F9E5DEC7EE769F6DA851DF5996452F3378AAC3DB6D772F5622D9EB51A5
52D3.pygtex)
\openout3 = `rapport.pyg'.


(./_minted-rapport/62F8DA4C20F35898EA99B0A9D95447FE1D0267541ECDC06D494E5BB89511
6FD3.pygtex)
\openout3 = `rapport.pyg'.


(./_minted-rapport/3CD0DB9A356BE26AB871E02DC45D51F11D0267541ECDC06D494E5BB89511
6FD3.pygtex)
\openout3 = `rapport.pyg'.


(./_minted-rapport/D44824C59B6E1563357C10AA23FEA0AB3378AAC3DB6D772F5622D9EB51A5
52D3.pygtex)
\openout3 = `rapport.pyg'.


(./_minted-rapport/69F2D5E3DCBE56F375F9A517901B5E091D0267541ECDC06D494E5BB89511
6FD3.pygtex)
\openout3 = `rapport.pyg'.


(./_minted-rapport/D4B4FAFA4087CDB2121DD38E1729125D1D0267541ECDC06D494E5BB89511
6FD3.pygtex [9])
\openout3 = `rapport.pyg'.


(./_minted-rapport/C61954F9A1CE8B2013959D32B25B622A3378AAC3DB6D772F5622D9EB51A5
52D3.pygtex)
\openout3 = `rapport.pyg'.


(./_minted-rapport/0ACCD1D30CA49B4BC316607394076D781D0267541ECDC06D494E5BB89511
6FD3.pygtex)
\openout3 = `rapport.pyg'.


(./_minted-rapport/9152B05F8A472915A5E8E3CC0BC712A71D0267541ECDC06D494E5BB89511
6FD3.pygtex)) [10]
\openout2 = `exo2.aux'.

 (./exo2.tex
Chapitre 2.
Missing character: There is no â in font cmbx12!
Missing character: There is no € in font cmbx12!
Missing character: There is no ™ in font cmbx12!

Overfull \hbox (14.06131pt too wide) in paragraph at lines 2--2
\OT1/cmr/bx/n/14.4 sen-tee dans le-nonce du TD1, de-fi-nir un schema
 []

\openout3 = `rapport.pyg'.


(./_minted-rapport/7E7FB18BF47315532319443690D36DA218FF79631F854B678032AF0317D4
F230.pygtex)
\openout3 = `rapport.pyg'.


(./_minted-rapport/0AC4D3711B61B4EED51E1335268F134F18FF79631F854B678032AF0317D4
F230.pygtex [11



])
\openout3 = `rapport.pyg'.


(./_minted-rapport/E89A483567884D48F4E31B033FF4243318FF79631F854B678032AF0317D4
F230.pygtex)
LaTeX Font Info:    Try loading font information for OMS+cmr on input line 43.
 (/usr/share/texlive/texmf-dist/tex/latex/base/omscmr.fd
File: omscmr.fd 2014/09/29 v2.5h Standard LaTeX font definitions
)
LaTeX Font Info:    Font shape `OMS/cmr/m/n' in size <10> not available
(Font)              Font shape `OMS/cmsy/m/n' tried instead on input line 43.
\openout3 = `rapport.pyg'.


(./_minted-rapport/5EEA8D53B3AA6D943824C756AB56DF9918FF79631F854B678032AF0317D4
F230.pygtex)
LaTeX Font Info:    External font `cmex10' loaded for size
(Font)              <7> on input line 61.
\openout3 = `rapport.pyg'.


(./_minted-rapport/7059E76F17FE99EBCC971179DBECE6E71D0267541ECDC06D494E5BB89511
6FD3.pygtex [12])
\openout3 = `rapport.pyg'.


(./_minted-rapport/453124715B6AC09E0FFB24EDE5F1B2901D0267541ECDC06D494E5BB89511
6FD3.pygtex [13])
Missing character: There is no â in font cmbx12!
Missing character: There is no € in font cmbx12!
Missing character: There is no ™ in font cmbx12!
Missing character: There is no Ã in font cmbx12!
Missing character: There is no ª in font cmbx12!
\openout3 = `rapport.pyg'.


(./_minted-rapport/7C4A66C243E5271CC6D6364FAF6BA1CC3378AAC3DB6D772F5622D9EB51A5
52D3.pygtex)
Missing character: There is no Ã in font cmbx10!
Missing character: There is no ª in font cmbx10!
\openout3 = `rapport.pyg'.


(./_minted-rapport/9CC1881B98F17BC42323B17D195C08D11D0267541ECDC06D494E5BB89511
6FD3.pygtex)
\openout3 = `rapport.pyg'.


(./_minted-rapport/9BBE0FC57AA226906E218B6DC13AB3143378AAC3DB6D772F5622D9EB51A5
52D3.pygtex)
Missing character: There is no Ã in font cmbx10!
Missing character: There is no ª in font cmbx10!
\openout3 = `rapport.pyg'.


(./_minted-rapport/642C8230922A2541D19CE9F9BB339E121D0267541ECDC06D494E5BB89511
6FD3.pygtex)
\openout3 = `rapport.pyg'.


(./_minted-rapport/00FFDF1BE37347669A8364C6EC3A93713378AAC3DB6D772F5622D9EB51A5
52D3.pygtex)
Missing character: There is no Ã in font cmbx10!
Missing character: There is no ª in font cmbx10!
\openout3 = `rapport.pyg'.


(./_minted-rapport/E7702DE97792B7CA0800652672272E891D0267541ECDC06D494E5BB89511
6FD3.pygtex [14])
\openout3 = `rapport.pyg'.


(./_minted-rapport/1DADEF7DAC1E74D80701AA33DE40B7513378AAC3DB6D772F5622D9EB51A5
52D3.pygtex)
Missing character: There is no Ã in font cmbx10!
Missing character: There is no ª in font cmbx10!
\openout3 = `rapport.pyg'.


(./_minted-rapport/105741FFC24968B5C4C63CC443D714C51D0267541ECDC06D494E5BB89511
6FD3.pygtex)
\openout3 = `rapport.pyg'.


(./_minted-rapport/105838F67EFC754E5932FC3245F099A03378AAC3DB6D772F5622D9EB51A5
52D3.pygtex)
Missing character: There is no Ã in font cmbx10!
Missing character: There is no ª in font cmbx10!
\openout3 = `rapport.pyg'.


(./_minted-rapport/EFF74201D80EEA2B0C5851B35CE9A89E1D0267541ECDC06D494E5BB89511
6FD3.pygtex)) [15]
\openout2 = `exo3.aux'.

 (./exo3.tex
Chapitre 3.
Missing character: There is no Ã in font cmbx12!
Missing character: There is no © in font cmbx12!
Missing character: There is no Ã in font cmbx12!
Missing character: There is no © in font cmbx12!
\openout3 = `rapport.pyg'.


(./_minted-rapport/17068F4C04D574D3E490EC2BC9AEF3781D0267541ECDC06D494E5BB89511
6FD3.pygtex)
\openout3 = `rapport.pyg'.


(./_minted-rapport/1B4BD6D8DB4E4A24BA41B069C423AA1E1D0267541ECDC06D494E5BB89511
6FD3.pygtex)
Missing character: There is no â in font cmbx12!
Missing character: There is no € in font cmbx12!
Missing character: There is no ™ in font cmbx12!
Missing character: There is no Ã in font cmbx12!
Missing character: There is no ¨ in font cmbx12!
Missing character: There is no â in font cmbx12!
Missing character: There is no € in font cmbx12!
Missing character: There is no ˜ in font cmbx12!
Missing character: There is no â in font cmbx12!
Missing character: There is no € in font cmbx12!
Missing character: There is no ™ in font cmbx12!
\openout3 = `rapport.pyg'.


(./_minted-rapport/4EF4CB499D202B607B76C730E78CB44D1D0267541ECDC06D494E5BB89511
6FD3.pygtex [16



] [17] [18]
Overfull \hbox (521.24245pt too wide) in paragraph at lines 92--92
\OT1/cmtt/m/n/10 https://images2.minutemediacdn.com/image/upload/c_crop,h_1193,
w_2121,x_0,y_64/f_auto,q_auto,w_1100/v1565279671/shape/mentalfloss/578211-getty
images-542930526.jpg[]|  
 []

[19])
\openout3 = `rapport.pyg'.


(./_minted-rapport/12F9789E9EC0FC354D9E4765173A5B931D0267541ECDC06D494E5BB89511
6FD3.pygtex [20] [21]
Overfull \hbox (521.24245pt too wide) in paragraph at lines 92--92
\OT1/cmtt/m/n/10 https://images2.minutemediacdn.com/image/upload/c_crop,h_1193,
w_2121,x_0,y_64/f_auto,q_auto,w_1100/v1565279671/shape/mentalfloss/578211-getty
images-542930526.jpg[]|  
 []

[22])
Missing character: There is no Ã in font cmbx12!
Missing character: There is no € in font cmbx12!
Missing character: There is no â in font cmbx12!
Missing character: There is no € in font cmbx12!
Missing character: There is no ™ in font cmbx12!
Missing character: There is no Ã in font cmbx12!
Missing character: There is no © in font cmbx12!
Missing character: There is no Ã in font cmbx12!
Missing character: There is no ª in font cmbx12!
Missing character: There is no Ã in font cmbx12!
Missing character: There is no ª in font cmbx12!
Missing character: There is no Ã in font cmbx12!
Missing character: There is no © in font cmbx12!
Missing character: There is no Ã in font cmbx12!
Missing character: There is no © in font cmbx12!
Missing character: There is no Ã in font cmbx12!
Missing character: There is no © in font cmbx12!

Overfull \hbox (28.63951pt too wide) in paragraph at lines 273--273
[] \OT1/cmr/bx/n/14.4 laide des com-mandes sui-vantes, ex-cu-ter5requtes
 []


Overfull \hbox (0.38803pt too wide) in paragraph at lines 273--273
\OT1/cmr/bx/n/14.4 Xquery et5requtes XQuery parmi celles que-
 []

\openout3 = `rapport.pyg'.

runsystem(pygmentize -l xquery -f latex -P commandprefix=PYG -F tokenmerge -o _
minted-rapport/FC40D69411543E625029C5764990B2043378AAC3DB6D772F5622D9EB51A552D3
.pygtex rapport.pyg)...executed.


(./_minted-rapport/FC40D69411543E625029C5764990B2043378AAC3DB6D772F5622D9EB51A5
52D3.pygtex [23])
\openout3 = `rapport.pyg'.


(./_minted-rapport/B79F79CC990C386CE0757BA2EA37312B1D0267541ECDC06D494E5BB89511
6FD3.pygtex
Overfull \hbox (164.24556pt too wide) in paragraph at lines 2--2
[]\OT1/cmtt/m/n/10 EXTRACT[](xml_content,[]^^M/tweeter/users/user[@id=/tweeter/
tweets/tweet/@author_ref]/user_name^^M[]) 
 []

)
Missing character: There is no â in font cmbx10!
Missing character: There is no € in font cmbx10!
Missing character: There is no ™ in font cmbx10!
Missing character: There is no â in font cmbx10!
Missing character: There is no € in font cmbx10!
Missing character: There is no ™ in font cmbx10!
\openout3 = `rapport.pyg'.

runsystem(pygmentize -l xquery -f latex -P commandprefix=PYG -F tokenmerge -o _
minted-rapport/92AA8D67E669B465C303646199E2F3883378AAC3DB6D772F5622D9EB51A552D3
.pygtex rapport.pyg)...executed.


(./_minted-rapport/92AA8D67E669B465C303646199E2F3883378AAC3DB6D772F5622D9EB51A5
52D3.pygtex)
\openout3 = `rapport.pyg'.


(./_minted-rapport/9C1F95BE67402C31A96BEE33EF16B77E1D0267541ECDC06D494E5BB89511
6FD3.pygtex
Overfull \hbox (27.74675pt too wide) in paragraph at lines 2--2
[]\OT1/cmtt/m/n/10 EXTRACT[](xml_content,[]^^M/tweeter/tweets/tweet[@author_ref
=^^M^^MU41^^M^^M]^^M[]) 
 []

)
Missing character: There is no â in font cmbx10!
Missing character: There is no € in font cmbx10!
Missing character: There is no ™ in font cmbx10!
Missing character: There is no â in font cmbx10!
Missing character: There is no € in font cmbx10!
Missing character: There is no œ in font cmbx10!
\openout3 = `rapport.pyg'.

runsystem(pygmentize -l xquery -f latex -P commandprefix=PYG -F tokenmerge -o _
minted-rapport/B8A5B0B4A3403F0DB5E7498F42C248603378AAC3DB6D772F5622D9EB51A552D3
.pygtex rapport.pyg)...executed.


(./_minted-rapport/B8A5B0B4A3403F0DB5E7498F42C248603378AAC3DB6D772F5622D9EB51A5
52D3.pygtex)
\openout3 = `rapport.pyg'.


(./_minted-rapport/3622DE1D21906EACE9C5C257DA04DF2D1D0267541ECDC06D494E5BB89511
6FD3.pygtex
Overfull \hbox (64.49643pt too wide) in paragraph at lines 2--2
[]\OT1/cmtt/m/n/10 EXTRACT[](xml_content,[]^^M/tweeter/tweets/tweet/body/hashta
g[contains(text(), 
 []

)
Missing character: There is no â in font cmbx10!
Missing character: There is no € in font cmbx10!
Missing character: There is no ™ in font cmbx10!
\openout3 = `rapport.pyg'.

runsystem(pygmentize -l xquery -f latex -P commandprefix=PYG -F tokenmerge -o _
minted-rapport/8382968B993E891BF62BA647184BAB3F3378AAC3DB6D772F5622D9EB51A552D3
.pygtex rapport.pyg)...executed.


(./_minted-rapport/8382968B993E891BF62BA647184BAB3F3378AAC3DB6D772F5622D9EB51A5
52D3.pygtex)
\openout3 = `rapport.pyg'.


(./_minted-rapport/0079103C15BEE4E9101EAAFB036D31921D0267541ECDC06D494E5BB89511
6FD3.pygtex)
\openout3 = `rapport.pyg'.

runsystem(pygmentize -l xquery -f latex -P commandprefix=PYG -F tokenmerge -o _
minted-rapport/93B955A7F1DF0FC4315C549E2214EFCF3378AAC3DB6D772F5622D9EB51A552D3
.pygtex rapport.pyg)...executed.


(./_minted-rapport/93B955A7F1DF0FC4315C549E2214EFCF3378AAC3DB6D772F5622D9EB51A5
52D3.pygtex)
\openout3 = `rapport.pyg'.


(./_minted-rapport/0CFEB64910AF70885061CAD31734456A1D0267541ECDC06D494E5BB89511
6FD3.pygtex
Overfull \hbox (11.99689pt too wide) in paragraph at lines 2--2
[]\OT1/cmtt/m/n/10 EXTRACT[](xml_content,[]^^M/tweeter/tweets/tweet/body[count(
hashtag) 
 []

)
\openout3 = `rapport.pyg'.


(./_minted-rapport/FC40D69411543E625029C5764990B2043378AAC3DB6D772F5622D9EB51A5
52D3.pygtex [24])
\openout3 = `rapport.pyg'.


(./_minted-rapport/CE8678922330626301B31E4B938613DC1D0267541ECDC06D494E5BB89511
6FD3.pygtex
Overfull \hbox (164.24556pt too wide) in paragraph at lines 2--2
[]\OT1/cmtt/m/n/10 EXTRACT[](xml_content,[]^^M/tweeter/users/user[@id=/tweeter/
tweets/tweet/@author_ref]/user_name^^M[]) 
 []

)
Missing character: There is no â in font cmbx10!
Missing character: There is no € in font cmbx10!
Missing character: There is no ™ in font cmbx10!
Missing character: There is no â in font cmbx10!
Missing character: There is no € in font cmbx10!
Missing character: There is no ™ in font cmbx10!
\openout3 = `rapport.pyg'.


(./_minted-rapport/92AA8D67E669B465C303646199E2F3883378AAC3DB6D772F5622D9EB51A5
52D3.pygtex)
\openout3 = `rapport.pyg'.


(./_minted-rapport/27635BC31A641FE06BE92744E4FC96EB1D0267541ECDC06D494E5BB89511
6FD3.pygtex
Overfull \hbox (27.74675pt too wide) in paragraph at lines 2--2
[]\OT1/cmtt/m/n/10 EXTRACT[](xml_content,[]^^M/tweeter/tweets/tweet[@author_ref
=^^M^^MU41^^M^^M]^^M[]) 
 []

)
Missing character: There is no â in font cmbx10!
Missing character: There is no € in font cmbx10!
Missing character: There is no ™ in font cmbx10!
Missing character: There is no â in font cmbx10!
Missing character: There is no € in font cmbx10!
Missing character: There is no œ in font cmbx10!
\openout3 = `rapport.pyg'.


(./_minted-rapport/B8A5B0B4A3403F0DB5E7498F42C248603378AAC3DB6D772F5622D9EB51A5
52D3.pygtex)
\openout3 = `rapport.pyg'.


(./_minted-rapport/B8804D5DC71456F93C12E1457F57CA961D0267541ECDC06D494E5BB89511
6FD3.pygtex
Overfull \hbox (64.49643pt too wide) in paragraph at lines 2--2
[]\OT1/cmtt/m/n/10 EXTRACT[](xml_content,[]^^M/tweeter/tweets/tweet/body/hashta
g[contains(text(), 
 []

)
Missing character: There is no â in font cmbx10!
Missing character: There is no € in font cmbx10!
Missing character: There is no ™ in font cmbx10!
\openout3 = `rapport.pyg'.


(./_minted-rapport/8382968B993E891BF62BA647184BAB3F3378AAC3DB6D772F5622D9EB51A5
52D3.pygtex)
\openout3 = `rapport.pyg'.


(./_minted-rapport/D0625BEBFE379744BF43F1940B5CBE911D0267541ECDC06D494E5BB89511
6FD3.pygtex)
\openout3 = `rapport.pyg'.


(./_minted-rapport/93B955A7F1DF0FC4315C549E2214EFCF3378AAC3DB6D772F5622D9EB51A5
52D3.pygtex)
\openout3 = `rapport.pyg'.


(./_minted-rapport/683551EA7C414BB0EAF633055FB18DF81D0267541ECDC06D494E5BB89511
6FD3.pygtex
Overfull \hbox (11.99689pt too wide) in paragraph at lines 2--2
[]\OT1/cmtt/m/n/10 EXTRACT[](xml_content,[]^^M/tweeter/tweets/tweet/body[count(
hashtag) 
 []

)
Missing character: There is no Ã in font cmbx10!
Missing character: There is no © in font cmbx10!
\openout3 = `rapport.pyg'.


(./_minted-rapport/CD9DEDF1B6D96B4AD1D33DFA235C108A1D0267541ECDC06D494E5BB89511
6FD3.pygtex [25])
Missing character: There is no Ã in font cmbx10!
Missing character: There is no © in font cmbx10!
\openout3 = `rapport.pyg'.


(./_minted-rapport/CD79BC3D916BA86DF918EDE2AD02464C1D0267541ECDC06D494E5BB89511
6FD3.pygtex)
Missing character: There is no â in font cmbx10!
Missing character: There is no € in font cmbx10!
Missing character: There is no ™ in font cmbx10!
Missing character: There is no Ã in font cmbx10!
Missing character: There is no © in font cmbx10!
Missing character: There is no Ã in font cmbx10!
Missing character: There is no © in font cmbx10!
Missing character: There is no Ã in font cmbx10!
Missing character: There is no © in font cmbx10!
\openout3 = `rapport.pyg'.


(./_minted-rapport/31D296AC4CF8CA4A96C9B5B6D9549F8C1D0267541ECDC06D494E5BB89511
6FD3.pygtex)
Missing character: There is no Ã in font cmbx10!
Missing character: There is no © in font cmbx10!
Missing character: There is no Ã in font cmbx10!
Missing character: There is no © in font cmbx10!
Missing character: There is no Ã in font cmbx10!
Missing character: There is no © in font cmbx10!
Missing character: There is no Ã in font cmbx10!
Missing character: There is no © in font cmbx10!
\openout3 = `rapport.pyg'.


(./_minted-rapport/570004E14B345516063FF3A3B38575C31D0267541ECDC06D494E5BB89511
6FD3.pygtex)
Missing character: There is no Ã in font cmbx10!
Missing character: There is no ¨ in font cmbx10!
Missing character: There is no Ã in font cmbx10!
Missing character: There is no © in font cmbx10!
LaTeX Font Info:    Try loading font information for OML+cmr on input line 401.

 (/usr/share/texlive/texmf-dist/tex/latex/base/omlcmr.fd
File: omlcmr.fd 2014/09/29 v2.5h Standard LaTeX font definitions
)
LaTeX Font Info:    Font shape `OML/cmr/bx/n' in size <10> not available
(Font)              Font shape `OML/cmm/b/it' tried instead on input line 401.
Missing character: There is no â in font cmbx10!
Missing character: There is no € in font cmbx10!
Missing character: There is no ™ in font cmbx10!
Missing character: There is no â in font cmbx10!
Missing character: There is no € in font cmbx10!
Missing character: There is no ™ in font cmbx10!
Missing character: There is no Ã in font cmbx10!
Missing character: There is no © in font cmbx10!
Missing character: There is no Ã in font cmbx10!
Missing character: There is no © in font cmbx10!
Missing character: There is no Ã in font cmbx10!
Missing character: There is no © in font cmbx10!
\openout3 = `rapport.pyg'.


(./_minted-rapport/5825A2ED7E34DC2D4982B9B400E11F311D0267541ECDC06D494E5BB89511
6FD3.pygtex [26]
Overfull \hbox (69.74638pt too wide) in paragraph at lines 9--9
\OT1/cmtt/m/n/10 /tweeter/tweets/tweet[@id=$tweet/header/answers/answer[1]/@ref
]/header/date 
 []


Overfull \hbox (69.74638pt too wide) in paragraph at lines 10--10
\OT1/cmtt/m/n/10 /tweeter/tweets/tweet[@id=$tweet/header/answers/answer[2]/@ref
]/header/date 
 []

)
Missing character: There is no Ã in font cmbx10!
Missing character: There is no © in font cmbx10!
\openout3 = `rapport.pyg'.


(./_minted-rapport/B43D2F60C3D389E94F7BE4392E4251B11D0267541ECDC06D494E5BB89511
6FD3.pygtex)
Missing character: There is no Ã in font cmbx10!
Missing character: There is no © in font cmbx10!
\openout3 = `rapport.pyg'.


(./_minted-rapport/FC9F42B9C9BC9B978871CF94ED3206E71D0267541ECDC06D494E5BB89511
6FD3.pygtex)
Missing character: There is no â in font cmbx10!
Missing character: There is no € in font cmbx10!
Missing character: There is no ™ in font cmbx10!
Missing character: There is no Ã in font cmbx10!
Missing character: There is no © in font cmbx10!
Missing character: There is no Ã in font cmbx10!
Missing character: There is no © in font cmbx10!
Missing character: There is no Ã in font cmbx10!
Missing character: There is no © in font cmbx10!
\openout3 = `rapport.pyg'.


(./_minted-rapport/F30C2EE2D351D7D896C2467868C683761D0267541ECDC06D494E5BB89511
6FD3.pygtex [27])
Missing character: There is no Ã in font cmbx10!
Missing character: There is no © in font cmbx10!
Missing character: There is no Ã in font cmbx10!
Missing character: There is no © in font cmbx10!
Missing character: There is no Ã in font cmbx10!
Missing character: There is no © in font cmbx10!
Missing character: There is no Ã in font cmbx10!
Missing character: There is no © in font cmbx10!
\openout3 = `rapport.pyg'.


(./_minted-rapport/51779FC9F9A1FD6717B5EE53B685C2731D0267541ECDC06D494E5BB89511
6FD3.pygtex)
Missing character: There is no Ã in font cmbx10!
Missing character: There is no ¨ in font cmbx10!
Missing character: There is no Ã in font cmbx10!
Missing character: There is no © in font cmbx10!
Missing character: There is no â in font cmbx10!
Missing character: There is no € in font cmbx10!
Missing character: There is no ™ in font cmbx10!
Missing character: There is no â in font cmbx10!
Missing character: There is no € in font cmbx10!
Missing character: There is no ™ in font cmbx10!
Missing character: There is no Ã in font cmbx10!
Missing character: There is no © in font cmbx10!
Missing character: There is no Ã in font cmbx10!
Missing character: There is no © in font cmbx10!
Missing character: There is no Ã in font cmbx10!
Missing character: There is no © in font cmbx10!
\openout3 = `rapport.pyg'.


(./_minted-rapport/014855245469A59D040510DA0E44306C1D0267541ECDC06D494E5BB89511
6FD3.pygtex
Overfull \hbox (69.74638pt too wide) in paragraph at lines 9--9
\OT1/cmtt/m/n/10 /tweeter/tweets/tweet[@id=$tweet/header/answers/answer[1]/@ref
]/header/date 
 []


Overfull \hbox (69.74638pt too wide) in paragraph at lines 10--10
\OT1/cmtt/m/n/10 /tweeter/tweets/tweet[@id=$tweet/header/answers/answer[2]/@ref
]/header/date 
 []

[28])) [29]
\openout2 = `exo4.aux'.

 (./exo4.tex [30


]
Chapitre 4.
Missing character: There is no â in font cmbx12!
Missing character: There is no € in font cmbx12!
Missing character: There is no ™ in font cmbx12!
Missing character: There is no â in font cmbx12!
Missing character: There is no € in font cmbx12!
Missing character: There is no ™ in font cmbx12!
Missing character: There is no Ã in font cmbx12!
Missing character: There is no © in font cmbx12!
Missing character: There is no Ã in font cmbx12!
Missing character: There is no ¢ in font cmbx12!
Missing character: There is no Ã in font cmbx12!
Missing character: There is no € in font cmbx12!
Missing character: There is no â in font cmbx12!
Missing character: There is no € in font cmbx12!
Missing character: There is no ™ in font cmbx12!
Missing character: There is no Ã in font cmbx12!
Missing character: There is no © in font cmbx12!
Missing character: There is no Ã in font cmbx12!
Missing character: There is no © in font cmbx12!
Missing character: There is no Ã in font cmbx12!
Missing character: There is no © in font cmbx12!
Missing character: There is no Ã in font cmbx12!
Missing character: There is no ¢ in font cmbx12!
\openout3 = `rapport.pyg'.


(./_minted-rapport/EBF92ACBB27BDB9AF24568B64329912D1D0267541ECDC06D494E5BB89511
6FD3.pygtex [31

] [32])
Missing character: There is no Ã in font cmbx12!
Missing character: There is no € in font cmbx12!
Missing character: There is no â in font cmbx12!
Missing character: There is no € in font cmbx12!
Missing character: There is no ™ in font cmbx12!
Missing character: There is no â in font cmbx12!
Missing character: There is no € in font cmbx12!
Missing character: There is no ™ in font cmbx12!
\openout3 = `rapport.pyg'.


(./_minted-rapport/6D8FD32DC368FCF052F020ED7A21742D1D0267541ECDC06D494E5BB89511
6FD3.pygtex [33])
Missing character: There is no Ã in font cmbx12!
Missing character: There is no © in font cmbx12!
Missing character: There is no Ã in font cmbx12!
Missing character: There is no ª in font cmbx12!
\openout3 = `rapport.pyg'.


(./_minted-rapport/D7196238CF6F9C7C6CD1B3B2CA2712101D0267541ECDC06D494E5BB89511
6FD3.pygtex [34] [35] [36] [37] [38] [39] [40] [41] [42] [43] [44] [45]
[46] [47] [48] [49] [50] [51])
Missing character: There is no Ã in font cmbx12!
Missing character: There is no ª in font cmbx12!
\openout3 = `rapport.pyg'.


(./_minted-rapport/D897F642095B115FF00CEA8777C80BB93378AAC3DB6D772F5622D9EB51A5
52D3.pygtex)
\openout3 = `rapport.pyg'.


(./_minted-rapport/D63761495B0667F350CADB07913C7E201D0267541ECDC06D494E5BB89511
6FD3.pygtex)
\openout3 = `rapport.pyg'.


(./_minted-rapport/FF81ACC3D24A8EDCACB8371BF462A2C83378AAC3DB6D772F5622D9EB51A5
52D3.pygtex)
\openout3 = `rapport.pyg'.


(./_minted-rapport/8386595F6D9412FF4FB83710D1C0F42C1D0267541ECDC06D494E5BB89511
6FD3.pygtex)
Missing character: There is no Ã in font cmbx10!
Missing character: There is no ª in font cmbx10!
\openout3 = `rapport.pyg'.


(./_minted-rapport/037201200C82FFD63645A5F64E6743963378AAC3DB6D772F5622D9EB51A5
52D3.pygtex [52])
\openout3 = `rapport.pyg'.


(./_minted-rapport/07C470C65109F71649D134C7925A04E01D0267541ECDC06D494E5BB89511
6FD3.pygtex)
\openout3 = `rapport.pyg'.


(./_minted-rapport/257B5FBA036187B268B5EAAFEE2D040A3378AAC3DB6D772F5622D9EB51A5
52D3.pygtex)
\openout3 = `rapport.pyg'.


(./_minted-rapport/321E4E430B441E051788D7F66C875FF61D0267541ECDC06D494E5BB89511
6FD3.pygtex)
Missing character: There is no Ã in font cmbx10!
Missing character: There is no ¨ in font cmbx10!
Missing character: There is no Ã in font cmbx10!
Missing character: There is no © in font cmbx10!
\openout3 = `rapport.pyg'.


(./_minted-rapport/4285BE974AE04D36E654F22C363AFB613378AAC3DB6D772F5622D9EB51A5
52D3.pygtex)
\openout3 = `rapport.pyg'.


(./_minted-rapport/817B22EA4BC3CA5B5606FC2D241B56191D0267541ECDC06D494E5BB89511
6FD3.pygtex)
\openout3 = `rapport.pyg'.


(./_minted-rapport/9694BC014093D500CBA1D99E68D065213378AAC3DB6D772F5622D9EB51A5
52D3.pygtex)
\openout3 = `rapport.pyg'.


(./_minted-rapport/39F4EAA372F19688C7341BD8EE63A50A1D0267541ECDC06D494E5BB89511
6FD3.pygtex [53])
Missing character: There is no â in font cmbx12!
Missing character: There is no € in font cmbx12!
Missing character: There is no ™ in font cmbx12!

Overfull \hbox (394.41257pt too wide) in paragraph at lines 619--619
[]\OT1/cmr/bx/n/14.4 Testez le pro-gramme avec le fi-chier XMLhttp ://www.ins.c
wi.nl/projects/xmark/Assets/standard.gz
 []

Missing character: There is no Ã in font cmr10!
Missing character: There is no © in font cmr10!
Missing character: There is no Ã in font cmr10!
Missing character: There is no © in font cmr10!
Missing character: There is no Ã in font cmr10!
Missing character: There is no © in font cmr10!
Missing character: There is no Ã in font cmr10!
Missing character: There is no © in font cmr10!
Missing character: There is no Ã in font cmr10!
Missing character: There is no © in font cmr10!
Missing character: There is no Ã in font cmr10!
Missing character: There is no © in font cmr10!
) [54]
\openout2 = `xml_presse.aux'.

 (./xml_presse.tex
Annexe A.
\openout3 = `rapport.pyg'.


(./_minted-rapport/6CD2CA5BD62268AE5409ABAABFF444DBA36507FC8C184D098BF5587B4D6E
A1A0.pygtex [55



])) [56]
\openout2 = `graph_batiment.aux'.

 (./graph_batiment.tex
Annexe B.
<graphe_dtd_to_rel.png, id=196, 154.176pt x 115.632pt>
File: graphe_dtd_to_rel.png Graphic file (type png)
<use graphe_dtd_to_rel.png>
Package pdftex.def Info: graphe_dtd_to_rel.png  used on input line 3.
(pdftex.def)             Requested size: 345.0pt x 258.781pt.
) [57



] [58 <./graphe_dtd_to_rel.png>]
\openout2 = `tree_batiment_begin_end.aux'.

 (./tree_batiment_begin_end.tex
Annexe C.
<batiment_begin_end_tree.png, id=205, 903.375pt x 485.815pt>
File: batiment_begin_end_tree.png Graphic file (type png)
<use batiment_begin_end_tree.png>
Package pdftex.def Info: batiment_begin_end_tree.png  used on input line 3.
(pdftex.def)             Requested size: 345.0pt x 185.53822pt.
) [59



] [60 <./batiment_begin_end_tree.png>]
\openout2 = `graph_batiment_begin_end.aux'.

 (./graph_batiment_begin_end.tex
Annexe D.
<batiment_begin_end_graph.png, id=214, 148.6353pt x 114.6684pt>
File: batiment_begin_end_graph.png Graphic file (type png)
<use batiment_begin_end_graph.png>
Package pdftex.def Info: batiment_begin_end_graph.png  used on input line 3.
(pdftex.def)             Requested size: 345.0pt x 266.17606pt.
) [61



] [62 <./batiment_begin_end_graph.png>]
\openout2 = `tree_batiment_dewey.aux'.

 (./tree_batiment_dewey.tex
Annexe E.
<batiment_dewey_tree.png, id=222, 903.375pt x 485.815pt>
File: batiment_dewey_tree.png Graphic file (type png)
<use batiment_dewey_tree.png>
Package pdftex.def Info: batiment_dewey_tree.png  used on input line 3.
(pdftex.def)             Requested size: 345.0pt x 185.53822pt.
) [63



] [64 <./batiment_dewey_tree.png>] (./rapport.aux (./exo1.aux) (./exo2.aux) (./
exo3.aux) (./exo4.aux) (./xml_presse.aux) (./graph_batiment.aux)
(./tree_batiment_begin_end.aux) (./graph_batiment_begin_end.aux)
(./tree_batiment_dewey.aux))
runsystem(rm rapport.pyg)...executed.

 ) 
Here is how much of TeX's memory you used:
 6706 strings out of 494894
 133969 string characters out of 6179474
 250124 words of memory out of 5000000
 9614 multiletter control sequences out of 15000+600000
 9670 words of font info for 35 fonts, out of 8000000 for 9000
 14 hyphenation exceptions out of 8191
 40i,10n,40p,963b,519s stack positions out of 5000i,500n,10000p,200000b,80000s
</usr/share/texlive/texmf-dist/fonts/type1/public/amsfonts/cm/cmbx10.pfb></us
r/share/texlive/texmf-dist/fonts/type1/public/amsfonts/cm/cmbx12.pfb></usr/shar
e/texlive/texmf-dist/fonts/type1/public/amsfonts/cm/cmitt10.pfb></usr/share/tex
live/texmf-dist/fonts/type1/public/amsfonts/cm/cmmi5.pfb></usr/share/texlive/te
xmf-dist/fonts/type1/public/amsfonts/cm/cmmib10.pfb></usr/share/texlive/texmf-d
ist/fonts/type1/public/amsfonts/cm/cmr10.pfb></usr/share/texlive/texmf-dist/fon
ts/type1/public/amsfonts/cm/cmr12.pfb></usr/share/texlive/texmf-dist/fonts/type
1/public/amsfonts/cm/cmr17.pfb></usr/share/texlive/texmf-dist/fonts/type1/publi
c/amsfonts/cm/cmr5.pfb></usr/share/texlive/texmf-dist/fonts/type1/public/amsfon
ts/cm/cmsy10.pfb></usr/share/texlive/texmf-dist/fonts/type1/public/amsfonts/cm/
cmsy5.pfb></usr/share/texlive/texmf-dist/fonts/type1/public/amsfonts/cm/cmtt10.
pfb>
Output written on rapport.pdf (65 pages, 271249 bytes).
PDF statistics:
 271 PDF objects out of 1000 (max. 8388607)
 182 compressed objects within 2 object streams
 0 named destinations out of 1000 (max. 500000)
 21 words of extra memory for PDF output out of 10000 (max. 10000000)

